<?xml version="1.0" encoding="UTF-8"?>
<!-- Generated by org.testng.reporters.JUnitReportReporter -->
<testsuite hostname="DESKTOP-7RVTVT6" failures="0" tests="1" name="ecommerce.batch8Testng.NewTest4facebook" time="6.011" errors="0" timestamp="2023-12-25T12:36:56 EST" skipped="0">
  <testcase classname="ecommerce.batch8Testng.NewTest4facebook" name="Test1" time="6.011"/>
  <system-out/>
</testsuite> <!-- ecommerce.batch8Testng.NewTest4facebook -->
