<?xml version="1.0" encoding="UTF-8"?>
<!-- Generated by org.testng.reporters.JUnitReportReporter -->
<testsuite hostname="DESKTOP-7RVTVT6" failures="0" tests="3" name="ecommerce.batch8Testng.NewTest2homedebot" time="175.615" errors="0" timestamp="2023-11-29T22:16:01 EST" skipped="0">
  <testcase classname="ecommerce.batch8Testng.NewTest2homedebot" name="test3" time="48.080"/>
  <system-out/>
  <testcase classname="ecommerce.batch8Testng.NewTest2homedebot" name="test2" time="78.339"/>
  <system-out/>
  <testcase classname="ecommerce.batch8Testng.NewTest2homedebot" name="test1" time="49.196"/>
  <system-out/>
</testsuite> <!-- ecommerce.batch8Testng.NewTest2homedebot -->
